<?xml version="1.0" encoding="UTF-8"?>
<testsuite name="hexlet.code.ValidatorTest" tests="4" skipped="0" failures="0" errors="0" timestamp="2024-03-20T13:31:38" hostname="MacBook-Pro-Dusia.local" time="0.033">
  <properties/>
  <testcase name="testShape()" classname="hexlet.code.ValidatorTest" time="0.025"/>
  <testcase name="stringSchemaTest()" classname="hexlet.code.ValidatorTest" time="0.001"/>
  <testcase name="numberSchemaTest()" classname="hexlet.code.ValidatorTest" time="0.002"/>
  <testcase name="testMapSchema()" classname="hexlet.code.ValidatorTest" time="0.001"/>
  <system-out><![CDATA[]]></system-out>
  <system-err><![CDATA[]]></system-err>
</testsuite>
