<?xml version="1.0" encoding="UTF-8"?>
<testsuite name="hexlet.code.ValidatorTest" tests="4" skipped="0" failures="0" errors="0" timestamp="2024-03-18T14:47:41" hostname="MacBook-Pro-Dusia.local" time="0.036">
  <properties/>
  <testcase name="mapSchemaTest()" classname="hexlet.code.ValidatorTest" time="0.026"/>
  <testcase name="shape()" classname="hexlet.code.ValidatorTest" time="0.003"/>
  <testcase name="stringSchemaTest()" classname="hexlet.code.ValidatorTest" time="0.002"/>
  <testcase name="numberSchemaTest()" classname="hexlet.code.ValidatorTest" time="0.001"/>
  <system-out><![CDATA[]]></system-out>
  <system-err><![CDATA[]]></system-err>
</testsuite>
